[35m[Appium][39m Welcome to Appium v1.22.3
[35m[Appium][39m Non-default server args:
[35m[Appium][39m   port: 62449
[35m[Appium][39m   loglevel: info
[35m[Appium][39m   tmpDir: C:\Users\ADMINI~1\AppData\Local\Temp\\Katalon\Appium\Temp1698678222927
[35m[Appium][39m   chromedriverPort: 62450
[35m[Appium][39m Deprecated server args:
[35m[Appium][39m   [31m--chromedriver-port[39m => --default-capabilities
[35m[Appium][39m Default capabilities, which will be added to each request unless overridden by desired capabilities:
[35m[Appium][39m   chromedriverPort: 62450
[35m[Appium][39m Appium REST http interface listener started on 0.0.0.0:62449
[35m[HTTP][39m [37m-->[39m [37mGET[39m [37m/wd/hub/status[39m
[35m[HTTP][39m [90m{}[39m
[35m[HTTP][39m [37m<-- GET /wd/hub/status [39m[32m200[39m [90m8 ms - 68[39m
[35m[HTTP][39m [90m[39m
[35m[HTTP][39m [37m-->[39m [37mGET[39m [37m/wd/hub/status[39m
[35m[HTTP][39m [90m{}[39m
[35m[HTTP][39m [37m<-- GET /wd/hub/status [39m[32m200[39m [90m2 ms - 68[39m
[35m[HTTP][39m [90m[39m
[35m[HTTP][39m [37m-->[39m [37mPOST[39m [37m/wd/hub/session[39m
[35m[HTTP][39m [90m{"desiredCapabilities":{"appActivity":".Settings","appPackage":"com.android.settings","newCommandTimeout":1800,"platformVersion":"11","automationName":"uiautomator2","autoGrantPermissions":true,"platformName":"Android","udid":"0768325235012240","deviceName":"INFINIX MOBILITY LIMITED Infinix X688B (Android 11)","platform":"ANDROID","systemPort":8212},"capabilities":{"firstMatch":[{"appium:appActivity":".Settings","appium:appPackage":"com.android.settings","appium:autoGrantPermissions":true,"appium:automationName":"uiautomator2","appium:deviceName":"INFINIX MOBILITY LIMITED Infinix X688B (Android 11)","appium:newCommandTimeout":1800,"platform":"ANDROID","platformName":"android","appium:platformVersion":"11","appium:systemPort":8212,"appium:udid":"0768325235012240"}]}}[39m
[35m[BaseDriver][39m The following capabilities are not standard capabilities and should have an extension prefix:
[35m[BaseDriver][39m   platform
[35m[BaseDriver][39m   chromedriverPort
[35m[Appium][39m Appium v1.22.3 creating new AndroidUiautomator2Driver (v1.70.1) session
[35m[BaseDriver][39m The following capabilities were provided, but are not recognized by Appium:
[35m[BaseDriver][39m   platform
[35m[BaseDriver][39m Session created with session id: bdef7eac-152f-4ce3-a517-91f2582bf3ce
[35m[UiAutomator2][39m Starting 'com.android.settings' directly on the device
[35m[ADB][39m Found 3 'build-tools' folders under 'C:\Users\Administrator\AppData\Local\Android\Sdk' (newest first):
[35m[ADB][39m     C:/Users/Administrator/AppData/Local/Android/Sdk/build-tools/33.0.2
[35m[ADB][39m     C:/Users/Administrator/AppData/Local/Android/Sdk/build-tools/30.0.3
[35m[ADB][39m     C:/Users/Administrator/AppData/Local/Android/Sdk/build-tools/29.0.1
[35m[ADB][39m Using 'adb.exe' from 'C:\Users\Administrator\AppData\Local\Android\Sdk\platform-tools\adb.exe'
[35m[AndroidDriver][39m Retrieving device list
[35m[AndroidDriver][39m Using device: 0768325235012240
[35m[ADB][39m Using 'adb.exe' from 'C:\Users\Administrator\AppData\Local\Android\Sdk\platform-tools\adb.exe'
[35m[ADB][39m Getting device platform version
[35m[UiAutomator2][39m Relaxing hidden api policy
[35m[AndroidDriver][39m No app sent in, not parsing package/activity
[35m[ADB][39m Using 'apksigner.jar' from 'C:\Users\Administrator\AppData\Local\Android\Sdk\build-tools\33.0.2\lib\apksigner.jar'
[35m[ADB][39m 'C:\Users\Administrator\AppData\Roaming\npm\node_modules\appium\node_modules\appium-uiautomator2-server\apks\appium-uiautomator2-server-v4.27.0.apk' is signed with the default certificate
[35m[ADB][39m 'C:\Users\Administrator\AppData\Roaming\npm\node_modules\appium\node_modules\appium-uiautomator2-server\apks\appium-uiautomator2-server-debug-androidTest.apk' is signed with the default certificate
[35m[UiAutomator2][39m Server packages are not going to be (re)installed
[35m[ADB][39m Adding packages ["io.appium.settings","io.appium.uiautomator2.server","io.appium.uiautomator2.server.test"] to Doze whitelist
[35m[UiAutomator2][39m Starting UIAutomator2 server 4.27.0
[35m[UiAutomator2][39m Using UIAutomator2 server from 'C:\Users\Administrator\AppData\Roaming\npm\node_modules\appium\node_modules\appium-uiautomator2-server\apks\appium-uiautomator2-server-v4.27.0.apk' and test from 'C:\Users\Administrator\AppData\Roaming\npm\node_modules\appium\node_modules\appium-uiautomator2-server\apks\appium-uiautomator2-server-debug-androidTest.apk'
[35m[UiAutomator2][39m Waiting up to 30000ms for UiAutomator2 to be online...
[35m[WD Proxy][39m socket hang up
[35m[WD Proxy][39m socket hang up
[35m[WD Proxy][39m socket hang up
[35m[WD Proxy][39m socket hang up
[35m[WD Proxy][39m socket hang up
[35m[WD Proxy][39m socket hang up
[35m[WD Proxy][39m Determined the downstream protocol as 'W3C'
[35m[AndroidDriver][39m Screen already unlocked, doing nothing
[35m[UiAutomator2][39m Starting 'com.android.settings/.Settings and waiting for 'com.android.settings/.Settings'
[35m[Appium][39m New AndroidUiautomator2Driver session created successfully, session bdef7eac-152f-4ce3-a517-91f2582bf3ce added to master session list
[35m[HTTP][39m [37m<-- POST /wd/hub/session [39m[32m200[39m [90m14760 ms - 1216[39m
[35m[HTTP][39m [90m[39m
[35m[HTTP][39m [37m-->[39m [37mGET[39m [37m/wd/hub/session/bdef7eac-152f-4ce3-a517-91f2582bf3ce[39m
[35m[HTTP][39m [90m{}[39m
[35m[HTTP][39m [37m<-- GET /wd/hub/session/bdef7eac-152f-4ce3-a517-91f2582bf3ce [39m[32m200[39m [90m25 ms - 1170[39m
[35m[HTTP][39m [90m[39m
[35m[HTTP][39m [37m-->[39m [37mGET[39m [37m/wd/hub/session/bdef7eac-152f-4ce3-a517-91f2582bf3ce[39m
[35m[HTTP][39m [90m{}[39m
[35m[HTTP][39m [37m<-- GET /wd/hub/session/bdef7eac-152f-4ce3-a517-91f2582bf3ce [39m[32m200[39m [90m23 ms - 1170[39m
[35m[HTTP][39m [90m[39m
[35m[HTTP][39m [37m-->[39m [37mGET[39m [37m/wd/hub/status[39m
[35m[HTTP][39m [90m{}[39m
[35m[HTTP][39m [37m<-- GET /wd/hub/status [39m[32m200[39m [90m1 ms - 68[39m
[35m[HTTP][39m [90m[39m
[35m[HTTP][39m [37m-->[39m [37mPOST[39m [37m/wd/hub/session/bdef7eac-152f-4ce3-a517-91f2582bf3ce/timeouts[39m
[35m[HTTP][39m [90m{"implicit":60000}[39m
[35m[HTTP][39m [37m<-- POST /wd/hub/session/bdef7eac-152f-4ce3-a517-91f2582bf3ce/timeouts [39m[32m200[39m [90m5 ms - 14[39m
[35m[HTTP][39m [90m[39m
[35m[HTTP][39m [37m-->[39m [37mGET[39m [37m/wd/hub/session/bdef7eac-152f-4ce3-a517-91f2582bf3ce/screenshot[39m
[35m[HTTP][39m [90m{}[39m
[35m[HTTP][39m [37m<-- GET /wd/hub/session/bdef7eac-152f-4ce3-a517-91f2582bf3ce/screenshot [39m[32m200[39m [90m850 ms - 43692[39m
[35m[HTTP][39m [90m[39m
[35m[HTTP][39m [37m-->[39m [37mGET[39m [37m/wd/hub/session/bdef7eac-152f-4ce3-a517-91f2582bf3ce/window/rect[39m
[35m[HTTP][39m [90m{}[39m
[35m[HTTP][39m [37m<-- GET /wd/hub/session/bdef7eac-152f-4ce3-a517-91f2582bf3ce/window/rect [39m[32m200[39m [90m45 ms - 49[39m
[35m[HTTP][39m [90m[39m
[35m[HTTP][39m [37m-->[39m [37mGET[39m [37m/wd/hub/session/bdef7eac-152f-4ce3-a517-91f2582bf3ce/appium/device/system_bars[39m
[35m[HTTP][39m [90m{}[39m
[35m[HTTP][39m [37m<-- GET /wd/hub/session/bdef7eac-152f-4ce3-a517-91f2582bf3ce/appium/device/system_bars [39m[32m200[39m [90m187 ms - 145[39m
[35m[HTTP][39m [90m[39m
[35m[HTTP][39m [37m-->[39m [37mPOST[39m [37m/wd/hub/session/bdef7eac-152f-4ce3-a517-91f2582bf3ce/appium/device/activate_app[39m
[35m[HTTP][39m [90m{"bundleId":"com.example.shopping_list"}[39m
[35m[HTTP][39m [37m<-- POST /wd/hub/session/bdef7eac-152f-4ce3-a517-91f2582bf3ce/appium/device/activate_app [39m[32m200[39m [90m1277 ms - 14[39m
[35m[HTTP][39m [90m[39m
[35m[HTTP][39m [37m-->[39m [37mGET[39m [37m/wd/hub/session/bdef7eac-152f-4ce3-a517-91f2582bf3ce/source[39m
[35m[HTTP][39m [90m{}[39m
[35m[W3C (bdef7eac)][39m Driver proxy active, passing request on via HTTP proxy
[35m[WD Proxy][39m Replacing sessionId 7051e77f-58a8-48c5-934d-968906d8d275 with bdef7eac-152f-4ce3-a517-91f2582bf3ce
[35m[HTTP][39m [37m<-- GET /wd/hub/session/bdef7eac-152f-4ce3-a517-91f2582bf3ce/source [39m[32m200[39m [90m701 ms - 11355[39m
[35m[HTTP][39m [90m[39m
[35m[HTTP][39m [37m-->[39m [37mGET[39m [37m/wd/hub/session/bdef7eac-152f-4ce3-a517-91f2582bf3ce/screenshot[39m
[35m[HTTP][39m [90m{}[39m
[35m[HTTP][39m [37m<-- GET /wd/hub/session/bdef7eac-152f-4ce3-a517-91f2582bf3ce/screenshot [39m[32m200[39m [90m531 ms - 124140[39m
[35m[HTTP][39m [90m[39m
[35m[HTTP][39m [37m-->[39m [37mPOST[39m [37m/wd/hub/session/bdef7eac-152f-4ce3-a517-91f2582bf3ce/elements[39m
[35m[HTTP][39m [90m{"using":"xpath","value":"//*[@class = 'android.view.View' and @resource-id = '' and (@text = '' or . = '')]"}[39m
[35m[HTTP][39m [37m<-- POST /wd/hub/session/bdef7eac-152f-4ce3-a517-91f2582bf3ce/elements [39m[32m200[39m [90m806 ms - 2699[39m
[35m[HTTP][39m [90m[39m
[35m[HTTP][39m [37m-->[39m [37mPOST[39m [37m/wd/hub/session/bdef7eac-152f-4ce3-a517-91f2582bf3ce/elements[39m
[35m[HTTP][39m [90m{"using":"accessibility id","value":"mangga\n3"}[39m
[35m[HTTP][39m [37m<-- POST /wd/hub/session/bdef7eac-152f-4ce3-a517-91f2582bf3ce/elements [39m[32m200[39m [90m49 ms - 139[39m
[35m[HTTP][39m [90m[39m
[35m[HTTP][39m [37m-->[39m [37mGET[39m [37m/wd/hub/session/bdef7eac-152f-4ce3-a517-91f2582bf3ce/window/rect[39m
[35m[HTTP][39m [90m{}[39m
[35m[HTTP][39m [37m<-- GET /wd/hub/session/bdef7eac-152f-4ce3-a517-91f2582bf3ce/window/rect [39m[32m200[39m [90m20 ms - 49[39m
[35m[HTTP][39m [90m[39m
[35m[HTTP][39m [37m-->[39m [37mPOST[39m [37m/wd/hub/session/bdef7eac-152f-4ce3-a517-91f2582bf3ce/elements[39m
[35m[HTTP][39m [90m{"using":"accessibility id","value":"mangga\n3"}[39m
[35m[HTTP][39m [37m<-- POST /wd/hub/session/bdef7eac-152f-4ce3-a517-91f2582bf3ce/elements [39m[32m200[39m [90m58 ms - 139[39m
[35m[HTTP][39m [90m[39m
[35m[HTTP][39m [37m-->[39m [37mGET[39m [37m/wd/hub/session/bdef7eac-152f-4ce3-a517-91f2582bf3ce/element/00000000-0000-03bb-0000-002200000003/location[39m
[35m[HTTP][39m [90m{}[39m
[35m[W3C (bdef7eac)][39m Driver proxy active, passing request on via HTTP proxy
[35m[WD Proxy][39m Replacing sessionId 7051e77f-58a8-48c5-934d-968906d8d275 with bdef7eac-152f-4ce3-a517-91f2582bf3ce
[35m[HTTP][39m [37m<-- GET /wd/hub/session/bdef7eac-152f-4ce3-a517-91f2582bf3ce/element/00000000-0000-03bb-0000-002200000003/location [39m[32m200[39m [90m32 ms - 76[39m
[35m[HTTP][39m [90m[39m
[35m[HTTP][39m [37m-->[39m [37mPOST[39m [37m/wd/hub/session/bdef7eac-152f-4ce3-a517-91f2582bf3ce/element/00000000-0000-03bb-0000-002200000003/click[39m
[35m[HTTP][39m [90m{"id":"00000000-0000-03bb-0000-002200000003"}[39m
[35m[HTTP][39m [37m<-- POST /wd/hub/session/bdef7eac-152f-4ce3-a517-91f2582bf3ce/element/00000000-0000-03bb-0000-002200000003/click [39m[32m200[39m [90m76 ms - 14[39m
[35m[HTTP][39m [90m[39m
[35m[HTTP][39m [37m-->[39m [37mGET[39m [37m/wd/hub/session/bdef7eac-152f-4ce3-a517-91f2582bf3ce/source[39m
[35m[HTTP][39m [90m{}[39m
[35m[W3C (bdef7eac)][39m Driver proxy active, passing request on via HTTP proxy
[35m[WD Proxy][39m Replacing sessionId 7051e77f-58a8-48c5-934d-968906d8d275 with bdef7eac-152f-4ce3-a517-91f2582bf3ce
[35m[HTTP][39m [37m<-- GET /wd/hub/session/bdef7eac-152f-4ce3-a517-91f2582bf3ce/source [39m[32m200[39m [90m544 ms - 11355[39m
[35m[HTTP][39m [90m[39m
[35m[HTTP][39m [37m-->[39m [37mGET[39m [37m/wd/hub/session/bdef7eac-152f-4ce3-a517-91f2582bf3ce/screenshot[39m
[35m[HTTP][39m [90m{}[39m
[35m[HTTP][39m [37m<-- GET /wd/hub/session/bdef7eac-152f-4ce3-a517-91f2582bf3ce/screenshot [39m[32m200[39m [90m584 ms - 124530[39m
[35m[HTTP][39m [90m[39m
[35m[HTTP][39m [37m-->[39m [37mDELETE[39m [37m/wd/hub/session/bdef7eac-152f-4ce3-a517-91f2582bf3ce[39m
[35m[HTTP][39m [90m{}[39m
[35m[Appium][39m Removing session bdef7eac-152f-4ce3-a517-91f2582bf3ce from our master session list
[35m[UiAutomator2][39m Restoring hidden api policy to the device default configuration
[35m[HTTP][39m [37m<-- DELETE /wd/hub/session/bdef7eac-152f-4ce3-a517-91f2582bf3ce [39m[32m200[39m [90m707 ms - 14[39m
[35m[HTTP][39m [90m[39m
